[0m18:29:44.307442 [debug] [MainThread]: Sending event: {'category': 'dbt', 'action': 'invocation', 'label': 'start', 'context': [<snowplow_tracker.self_describing_json.SelfDescribingJson object at 0x000001618CAEBE00>, <snowplow_tracker.self_describing_json.SelfDescribingJson object at 0x000001618A3B0910>, <snowplow_tracker.self_describing_json.SelfDescribingJson object at 0x000001618EE13C50>]}


============================== 18:29:44.329871 | 757d1d2a-67f0-486c-9692-6f1ce0dd1e1f ==============================
[0m18:29:44.329871 [info ] [MainThread]: Running with dbt=1.12.0-b1
[0m18:29:44.330637 [debug] [MainThread]: running dbt with arguments {'static_parser': 'True', 'no_print': 'None', 'version_check': 'True', 'target_path': 'None', 'warn_error_options': 'WarnErrorOptionsV2(error=[], warn=[], silence=[])', 'printer_width': '80', 'write_json': 'True', 'empty': 'None', 'log_cache_events': 'False', 'introspect': 'True', 'cache_selected_only': 'False', 'fail_fast': 'False', 'debug': 'False', 'log_format': 'default', 'profiles_dir': 'C:\\Users\\Assel\\.dbt', 'send_anonymous_usage_stats': 'True', 'quiet': 'False', 'warn_error': 'None', 'partial_parse': 'True', 'invocation_command': 'dbt init wc2026', 'use_colors': 'True', 'indirect_selection': 'eager', 'use_experimental_parser': 'False', 'log_path': 'logs'}
[0m18:29:44.357349 [info ] [MainThread]: Creating dbt configuration folder at C:\Users\Assel\.dbt
[0m18:29:44.361159 [debug] [MainThread]: Starter project path: C:\Users\Assel\AppData\Local\Python\pythoncore-3.14-64\Lib\site-packages\dbt\include\starter_project
[0m18:29:44.375585 [info ] [MainThread]: Setting up your profile.
[0m18:31:11.513958 [info ] [MainThread]: Profile wc2026 written to C:\Users\Assel\.dbt\profiles.yml using target's profile_template.yml and your supplied values.
[0m18:31:11.526447 [info ] [MainThread]: Running dbt debug to validate the project...
[0m18:31:11.527670 [info ] [MainThread]: dbt version: 1.12.0-b1
[0m18:31:11.528275 [info ] [MainThread]: python version: 3.14.5
[0m18:31:11.528869 [info ] [MainThread]: python path: C:\Users\Assel\AppData\Local\Python\pythoncore-3.14-64\python.exe
[0m18:31:11.529314 [info ] [MainThread]: os info: Windows-11-10.0.26200-SP0
[0m18:31:11.559432 [info ] [MainThread]: Using profiles dir at C:\Users\Assel\.dbt
[0m18:31:11.560434 [info ] [MainThread]: Using profiles.yml file at C:\Users\Assel\.dbt\profiles.yml
[0m18:31:11.561246 [info ] [MainThread]: Using dbt_project.yml file at C:\Users\Assel\FifaWorldCup2026-DE-Pipeline\dbt\wc2026\dbt_project.yml
[0m18:31:11.562874 [info ] [MainThread]: adapter type: postgres
[0m18:31:11.563849 [info ] [MainThread]: adapter version: 1.10.0
[0m18:31:11.675647 [info ] [MainThread]: Configuration:
[0m18:31:11.676478 [info ] [MainThread]:   profiles.yml file [[32mOK found and valid[0m]
[0m18:31:11.677169 [info ] [MainThread]:   dbt_project.yml file [[32mOK found and valid[0m]
[0m18:31:11.677861 [info ] [MainThread]: Required dependencies:
[0m18:31:11.678354 [debug] [MainThread]: Executing "git --help"
[0m18:31:11.746450 [debug] [MainThread]: STDOUT: "b"usage: git [-v | --version] [-h | --help] [-C <path>] [-c <name>=<value>]\n           [--exec-path[=<path>]] [--html-path] [--man-path] [--info-path]\n           [-p | --paginate | -P | --no-pager] [--no-replace-objects] [--no-lazy-fetch]\n           [--no-optional-locks] [--no-advice] [--bare] [--git-dir=<path>]\n           [--work-tree=<path>] [--namespace=<name>] [--config-env=<name>=<envvar>]\n           <command> [<args>]\n\nThese are common Git commands used in various situations:\n\nstart a working area (see also: git help tutorial)\n   clone      Clone a repository into a new directory\n   init       Create an empty Git repository or reinitialize an existing one\n\nwork on the current change (see also: git help everyday)\n   add        Add file contents to the index\n   mv         Move or rename a file, a directory, or a symlink\n   restore    Restore working tree files\n   rm         Remove files from the working tree and from the index\n\nexamine the history and state (see also: git help revisions)\n   bisect     Use binary search to find the commit that introduced a bug\n   diff       Show changes between commits, commit and working tree, etc\n   grep       Print lines matching a pattern\n   log        Show commit logs\n   show       Show various types of objects\n   status     Show the working tree status\n\ngrow, mark and tweak your common history\n   backfill   Download missing objects in a partial clone\n   branch     List, create, or delete branches\n   commit     Record changes to the repository\n   history    EXPERIMENTAL: Rewrite history\n   merge      Join two or more development histories together\n   rebase     Reapply commits on top of another base tip\n   reset      Set `HEAD` or the index to a known state\n   switch     Switch branches\n   tag        Create, list, delete or verify tags\n\ncollaborate (see also: git help workflows)\n   fetch      Download objects and refs from another repository\n   pull       Fetch from and integrate with another repository or a local branch\n   push       Update remote refs along with associated objects\n\n'git help -a' and 'git help -g' list available subcommands and some\nconcept guides. See 'git help <command>' or 'git help <concept>'\nto read about a specific subcommand or concept.\nSee 'git help git' for an overview of the system.\n""
[0m18:31:11.747665 [debug] [MainThread]: STDERR: "b''"
[0m18:31:11.748639 [info ] [MainThread]:  - git [[32mOK found[0m]

[0m18:31:11.749404 [info ] [MainThread]: Connection:
[0m18:31:11.750567 [info ] [MainThread]:   host: localhost
[0m18:31:11.751282 [info ] [MainThread]:   port: 5432
[0m18:31:11.752300 [info ] [MainThread]:   user: de_user
[0m18:31:11.752573 [info ] [MainThread]:   database: wc2026_db
[0m18:31:11.752799 [info ] [MainThread]:   schema: analytics
[0m18:31:11.753560 [info ] [MainThread]:   connect_timeout: 10
[0m18:31:11.754075 [info ] [MainThread]:   role: None
[0m18:31:11.754703 [info ] [MainThread]:   search_path: None
[0m18:31:11.755424 [info ] [MainThread]:   keepalives_idle: 0
[0m18:31:11.756034 [info ] [MainThread]:   sslmode: None
[0m18:31:11.756599 [info ] [MainThread]:   sslcert: None
[0m18:31:11.757090 [info ] [MainThread]:   sslkey: None
[0m18:31:11.757538 [info ] [MainThread]:   sslrootcert: None
[0m18:31:11.757948 [info ] [MainThread]:   application_name: dbt
[0m18:31:11.758346 [info ] [MainThread]:   retries: 1
[0m18:31:11.759199 [info ] [MainThread]: Registered adapter: postgres=1.10.0
[0m18:31:12.012159 [debug] [MainThread]: Acquiring new postgres connection 'debug'
[0m18:31:12.172260 [debug] [MainThread]: Using postgres connection "debug"
[0m18:31:12.172757 [debug] [MainThread]: On debug: select 1 as id
[0m18:31:12.173015 [debug] [MainThread]: Opening a new connection, currently in state init
[0m18:31:12.199456 [debug] [MainThread]: SQL status: SELECT 1 in 0.026 seconds
[0m18:31:12.201236 [debug] [MainThread]: On debug: Close
[0m18:31:12.201901 [info ] [MainThread]:   Connection test: [[32mOK connection ok[0m]

[0m18:31:12.202770 [info ] [MainThread]: [32mAll checks passed![0m
[0m18:31:12.203177 [info ] [MainThread]: Your new dbt project "wc2026" was created!
Initialized new project in C:\Users\Assel\FifaWorldCup2026-DE-Pipeline\dbt\wc2026\wc2026

For more information on how to configure the profiles.yml file,
please consult the dbt documentation here:

  https://docs.getdbt.com/docs/configure-your-profile

One more thing:

Need help? Don't hesitate to reach out to us via GitHub issues or on Slack:

  https://community.getdbt.com/

Happy modeling!

[0m18:31:12.204259 [debug] [MainThread]: Command `dbt init` succeeded at 18:31:12.204136 after 88.13 seconds
[0m18:31:12.204555 [debug] [MainThread]: Connection 'debug' was properly closed.
[0m18:31:12.205030 [debug] [MainThread]: Sending event: {'category': 'dbt', 'action': 'invocation', 'label': 'end', 'context': [<snowplow_tracker.self_describing_json.SelfDescribingJson object at 0x000001618ECE8D60>, <snowplow_tracker.self_describing_json.SelfDescribingJson object at 0x000001618A7A69F0>, <snowplow_tracker.self_describing_json.SelfDescribingJson object at 0x000001618A681D00>]}
[0m18:31:12.205609 [debug] [MainThread]: Flushing usage events
[0m18:31:13.784423 [debug] [MainThread]: An error was encountered while trying to flush usage events
