[0m19:02:53.489591 [debug] [MainThread]: Sending event: {'category': 'dbt', 'action': 'invocation', 'label': 'start', 'context': [<snowplow_tracker.self_describing_json.SelfDescribingJson object at 0x000001D2E214BE00>, <snowplow_tracker.self_describing_json.SelfDescribingJson object at 0x000001D2DFA147D0>, <snowplow_tracker.self_describing_json.SelfDescribingJson object at 0x000001D2E44EB9D0>]}


============================== 19:02:53.492139 | 70ddff03-3a1d-41bd-90e8-cb9de87dedb2 ==============================
[0m19:02:53.492139 [info ] [MainThread]: Running with dbt=1.12.0-b1
[0m19:02:53.492670 [debug] [MainThread]: running dbt with arguments {'static_parser': 'True', 'no_print': 'None', 'version_check': 'True', 'target_path': 'None', 'warn_error_options': 'WarnErrorOptionsV2(error=[], warn=[], silence=[])', 'printer_width': '80', 'write_json': 'True', 'empty': 'False', 'log_cache_events': 'False', 'introspect': 'True', 'cache_selected_only': 'False', 'fail_fast': 'False', 'debug': 'False', 'log_format': 'default', 'partial_parse': 'True', 'send_anonymous_usage_stats': 'True', 'quiet': 'False', 'warn_error': 'None', 'profiles_dir': 'C:\\Users\\Assel\\.dbt', 'invocation_command': 'dbt run --select staging', 'indirect_selection': 'eager', 'use_colors': 'True', 'use_experimental_parser': 'False', 'log_path': 'logs'}
[0m19:02:53.499092 [error] [MainThread]: [[31mERROR[0m]: Encountered an error:
Runtime Error
  No dbt_project.yml found at expected path C:\Users\Assel\FifaWorldCup2026-DE-Pipeline\dbt_project.yml
  Verify that each entry within packages.yml (and their transitive dependencies) contains a file named dbt_project.yml
  
[0m19:02:53.499691 [debug] [MainThread]: Command `dbt run` failed at 19:02:53.499582 after 0.12 seconds
[0m19:02:53.499921 [debug] [MainThread]: Sending event: {'category': 'dbt', 'action': 'invocation', 'label': 'end', 'context': [<snowplow_tracker.self_describing_json.SelfDescribingJson object at 0x000001D2E434E650>, <snowplow_tracker.self_describing_json.SelfDescribingJson object at 0x000001D2E448E690>, <snowplow_tracker.self_describing_json.SelfDescribingJson object at 0x000001D2E44B3790>]}
[0m19:02:53.500130 [debug] [MainThread]: Flushing usage events
[0m19:02:54.795666 [debug] [MainThread]: An error was encountered while trying to flush usage events
[0m19:03:15.789541 [debug] [MainThread]: Sending event: {'category': 'dbt', 'action': 'invocation', 'label': 'start', 'context': [<snowplow_tracker.self_describing_json.SelfDescribingJson object at 0x000002E3CF9FBE00>, <snowplow_tracker.self_describing_json.SelfDescribingJson object at 0x000002E3CD2B0910>, <snowplow_tracker.self_describing_json.SelfDescribingJson object at 0x000002E3D1D9F9D0>]}


============================== 19:03:15.796701 | d0358ecd-c3f8-4098-a85c-12a0e17c6566 ==============================
[0m19:03:15.796701 [info ] [MainThread]: Running with dbt=1.12.0-b1
[0m19:03:15.797780 [debug] [MainThread]: running dbt with arguments {'static_parser': 'True', 'no_print': 'None', 'version_check': 'True', 'warn_error_options': 'WarnErrorOptionsV2(error=[], warn=[], silence=[])', 'target_path': 'None', 'printer_width': '80', 'write_json': 'True', 'introspect': 'True', 'log_cache_events': 'False', 'empty': 'False', 'cache_selected_only': 'False', 'fail_fast': 'False', 'debug': 'False', 'log_format': 'default', 'profiles_dir': 'C:\\Users\\Assel\\.dbt', 'send_anonymous_usage_stats': 'True', 'quiet': 'False', 'warn_error': 'None', 'partial_parse': 'True', 'invocation_command': 'dbt run --select staging', 'indirect_selection': 'eager', 'use_colors': 'True', 'use_experimental_parser': 'False', 'log_path': 'logs'}
[0m19:03:15.798810 [error] [MainThread]: [[31mERROR[0m]: Encountered an error:
Runtime Error
  No dbt_project.yml found at expected path C:\Users\Assel\FifaWorldCup2026-DE-Pipeline\dbt_project.yml
  Verify that each entry within packages.yml (and their transitive dependencies) contains a file named dbt_project.yml
  
[0m19:03:15.799928 [debug] [MainThread]: Command `dbt run` failed at 19:03:15.799794 after 0.20 seconds
[0m19:03:15.800319 [debug] [MainThread]: Sending event: {'category': 'dbt', 'action': 'invocation', 'label': 'end', 'context': [<snowplow_tracker.self_describing_json.SelfDescribingJson object at 0x000002E3D1BFE650>, <snowplow_tracker.self_describing_json.SelfDescribingJson object at 0x000002E3D1D3E690>, <snowplow_tracker.self_describing_json.SelfDescribingJson object at 0x000002E3D1D63790>]}
[0m19:03:15.800667 [debug] [MainThread]: Flushing usage events
[0m19:03:17.324165 [debug] [MainThread]: An error was encountered while trying to flush usage events
